Arguments: 
  /home/paras/.nvm/versions/node/v12.18.3/bin/node /usr/share/yarn/bin/yarn.js add react react-dom

PATH: 
  /home/paras/.nvm/versions/node/v12.18.3/bin:/usr/local/sbin:/usr/local/bin:/usr/sbin:/usr/bin:/sbin:/bin:/usr/games:/usr/local/games:/snap/bin

Yarn version: 
  1.22.19

Node version: 
  12.18.3

Platform: 
  linux x64

Trace: 
  Error: https://shared-nye-domain-243016416530.d.codeartifact.ap-south-1.amazonaws.com/npm/nye-shared-ui/react: Unauthenticated: request used expired credentials. Please renew your credentials.
      at Request.params.callback [as _callback] (/usr/share/yarn/lib/cli.js:66145:18)
      at Request.self.callback (/usr/share/yarn/lib/cli.js:140890:22)
      at Request.emit (events.js:315:20)
      at Request.<anonymous> (/usr/share/yarn/lib/cli.js:141862:10)
      at Request.emit (events.js:315:20)
      at Gunzip.<anonymous> (/usr/share/yarn/lib/cli.js:141784:12)
      at Object.onceWrapper (events.js:421:28)
      at Gunzip.emit (events.js:327:22)
      at endReadableNT (_stream_readable.js:1220:12)
      at processTicksAndRejections (internal/process/task_queues.js:84:21)

npm manifest: 
  {
    "name": "react-ts-webpack",
    "version": "1.0.0",
    "description": "",
    "main": "index.js",
    "scripts": {
      "test": "echo \"Error: no test specified\" && exit 1"
    },
    "repository": {
      "type": "git",
      "url": "git+https://github.com/paras205/react-ts-webpack.git"
    },
    "keywords": [],
    "author": "",
    "license": "ISC",
    "bugs": {
      "url": "https://github.com/paras205/react-ts-webpack/issues"
    },
    "homepage": "https://github.com/paras205/react-ts-webpack#readme"
  }

yarn manifest: 
  No manifest

Lockfile: 
  No lockfile
